<?xml version="1.0" encoding="UTF-8"?>
<!-- Generated by org.testng.reporters.JUnitReportReporter -->
<testsuite hostname="DESKTOP-Q8NQLQR" failures="0" tests="3" name="com.testng.InvocationCount" time="0.027" errors="0" timestamp="2022-09-01T10:17:59 IST" skipped="0">
  <testcase classname="com.testng.InvocationCount" name="womenswear" time="0.005"/>
  <system-out/>
  <testcase classname="com.testng.InvocationCount" name="menwear" time="0.020"/>
  <system-out/>
  <testcase classname="com.testng.InvocationCount" name="womenswear" time="0.002"/>
  <system-out/>
</testsuite> <!-- com.testng.InvocationCount -->
