<?xml version="1.0" encoding="UTF-8"?>
<!-- Generated by org.testng.reporters.JUnitReportReporter -->
<testsuite hostname="DESKTOP-Q8NQLQR" failures="0" tests="3" name="com.testng.PriorityTest" time="0.041" errors="0" timestamp="2022-09-01T10:04:58 IST" skipped="0">
  <testcase classname="com.testng.PriorityTest" name="tablets" time="0.029"/>
  <system-out/>
  <testcase classname="com.testng.PriorityTest" name="mobiles" time="0.009"/>
  <system-out/>
  <testcase classname="com.testng.PriorityTest" name="laptops" time="0.003"/>
  <system-out/>
</testsuite> <!-- com.testng.PriorityTest -->
