<?xml version="1.0" encoding="UTF-8"?>
<!-- Generated by org.testng.reporters.JUnitReportReporter -->
<testsuite hostname="DESKTOP-Q8NQLQR" failures="0" tests="2" name="com.testng.IgnoreTest" time="0.037" errors="0" timestamp="2022-08-24T21:14:39 IST" skipped="1">
  <testcase classname="com.testng.IgnoreTest" name="women" time="0.037"/>
  <system-out/>
  <testcase classname="com.testng.IgnoreTest" name="kids">
    <skipped/>
  </testcase> <!-- kids -->
  <system-out/>
</testsuite> <!-- com.testng.IgnoreTest -->
