<?xml version="1.0" encoding="UTF-8"?>
<!-- Generated by org.testng.reporters.JUnitReportReporter -->
<testsuite hostname="DESKTOP-Q8NQLQR" failures="0" tests="3" name="com.testng.SimpleAnnotations" time="0.025" errors="0" timestamp="2022-08-01T13:22:47 IST" skipped="0">
  <testcase classname="com.testng.SimpleAnnotations" name="dresses" time="0.014"/>
  <system-out/>
  <testcase classname="com.testng.SimpleAnnotations" name="tshirt" time="0.007"/>
  <system-out/>
  <testcase classname="com.testng.SimpleAnnotations" name="women" time="0.004"/>
  <system-out/>
</testsuite> <!-- com.testng.SimpleAnnotations -->
