<?xml version="1.0" encoding="UTF-8"?>
<!-- Generated by org.testng.reporters.JUnitReportReporter -->
<testsuite hostname="DESKTOP-Q8NQLQR" failures="0" tests="4" name="com.testng.Grouping" time="0.026" errors="0" timestamp="2022-09-04T13:23:23 IST" skipped="0">
  <testcase classname="com.testng.Grouping" name="flipkart" time="0.003"/>
  <system-out/>
  <testcase classname="com.testng.Grouping" name="amazon" time="0.019"/>
  <system-out/>
  <testcase classname="com.testng.Grouping" name="hdfcbank" time="0.002"/>
  <system-out/>
  <testcase classname="com.testng.Grouping" name="axisbank" time="0.002"/>
  <system-out/>
</testsuite> <!-- com.testng.Grouping -->
