<?xml version="1.0" encoding="UTF-8"?>
<!-- Generated by org.testng.reporters.JUnitReportReporter -->
<testsuite hostname="DESKTOP-Q8NQLQR" failures="0" tests="2" name="com.testng.MultipleData" time="0.031" errors="0" timestamp="2022-09-08T13:17:08 IST" skipped="0">
  <testcase classname="com.testng.MultipleData" name="credentials" time="0.028"/>
  <system-out/>
  <testcase classname="com.testng.MultipleData" name="credentials" time="0.003"/>
  <system-out/>
</testsuite> <!-- com.testng.MultipleData -->
